Determining if the pthread_create exist failed with the following output:
Change Dir: /home/alekal/catkin_ws/build/differential_robot_185396/CMakeFiles/CMakeTmp

Run Build Command:"/usr/bin/make" "cmTC_4302a/fast"
/usr/bin/make -f CMakeFiles/cmTC_4302a.dir/build.make CMakeFiles/cmTC_4302a.dir/build
make[1]: Entering directory '/home/alekal/catkin_ws/build/differential_robot_185396/CMakeFiles/CMakeTmp'
Building C object CMakeFiles/cmTC_4302a.dir/CheckSymbolExists.c.o
/usr/bin/cc     -o CMakeFiles/cmTC_4302a.dir/CheckSymbolExists.c.o   -c /home/alekal/catkin_ws/build/differential_robot_185396/CMakeFiles/CMakeTmp/CheckSymbolExists.c
Linking C executable cmTC_4302a
/usr/bin/cmake -E cmake_link_script CMakeFiles/cmTC_4302a.dir/link.txt --verbose=1
/usr/bin/cc       CMakeFiles/cmTC_4302a.dir/CheckSymbolExists.c.o  -o cmTC_4302a -rdynamic 
CMakeFiles/cmTC_4302a.dir/CheckSymbolExists.c.o: In function `main':
CheckSymbolExists.c:(.text+0x16): undefined reference to `pthread_create'
collect2: error: ld returned 1 exit status
CMakeFiles/cmTC_4302a.dir/build.make:97: recipe for target 'cmTC_4302a' failed
make[1]: *** [cmTC_4302a] Error 1
make[1]: Leaving directory '/home/alekal/catkin_ws/build/differential_robot_185396/CMakeFiles/CMakeTmp'
Makefile:126: recipe for target 'cmTC_4302a/fast' failed
make: *** [cmTC_4302a/fast] Error 2

File /home/alekal/catkin_ws/build/differential_robot_185396/CMakeFiles/CMakeTmp/CheckSymbolExists.c:
/* */
#include <pthread.h>

int main(int argc, char** argv)
{
  (void)argv;
#ifndef pthread_create
  return ((int*)(&pthread_create))[argc];
#else
  (void)argc;
  return 0;
#endif
}

Determining if the function pthread_create exists in the pthreads failed with the following output:
Change Dir: /home/alekal/catkin_ws/build/differential_robot_185396/CMakeFiles/CMakeTmp

Run Build Command:"/usr/bin/make" "cmTC_20264/fast"
/usr/bin/make -f CMakeFiles/cmTC_20264.dir/build.make CMakeFiles/cmTC_20264.dir/build
make[1]: Entering directory '/home/alekal/catkin_ws/build/differential_robot_185396/CMakeFiles/CMakeTmp'
Building C object CMakeFiles/cmTC_20264.dir/CheckFunctionExists.c.o
/usr/bin/cc    -DCHECK_FUNCTION_EXISTS=pthread_create   -o CMakeFiles/cmTC_20264.dir/CheckFunctionExists.c.o   -c /usr/share/cmake-3.5/Modules/CheckFunctionExists.c
Linking C executable cmTC_20264
/usr/bin/cmake -E cmake_link_script CMakeFiles/cmTC_20264.dir/link.txt --verbose=1
/usr/bin/cc   -DCHECK_FUNCTION_EXISTS=pthread_create    CMakeFiles/cmTC_20264.dir/CheckFunctionExists.c.o  -o cmTC_20264 -rdynamic -lpthreads 
/usr/bin/ld: cannot find -lpthreads
collect2: error: ld returned 1 exit status
CMakeFiles/cmTC_20264.dir/build.make:97: recipe for target 'cmTC_20264' failed
make[1]: *** [cmTC_20264] Error 1
make[1]: Leaving directory '/home/alekal/catkin_ws/build/differential_robot_185396/CMakeFiles/CMakeTmp'
Makefile:126: recipe for target 'cmTC_20264/fast' failed
make: *** [cmTC_20264/fast] Error 2


