Determining if the pthread_create exist failed with the following output:
Change Dir: /home/alekal/catkin_ws/build/urdf_sim_tutorial/CMakeFiles/CMakeTmp

Run Build Command:"/usr/bin/make" "cmTC_41e51/fast"
/usr/bin/make -f CMakeFiles/cmTC_41e51.dir/build.make CMakeFiles/cmTC_41e51.dir/build
make[1]: Entering directory '/home/alekal/catkin_ws/build/urdf_sim_tutorial/CMakeFiles/CMakeTmp'
Building C object CMakeFiles/cmTC_41e51.dir/CheckSymbolExists.c.o
/usr/bin/cc     -o CMakeFiles/cmTC_41e51.dir/CheckSymbolExists.c.o   -c /home/alekal/catkin_ws/build/urdf_sim_tutorial/CMakeFiles/CMakeTmp/CheckSymbolExists.c
Linking C executable cmTC_41e51
/usr/bin/cmake -E cmake_link_script CMakeFiles/cmTC_41e51.dir/link.txt --verbose=1
/usr/bin/cc       CMakeFiles/cmTC_41e51.dir/CheckSymbolExists.c.o  -o cmTC_41e51 -rdynamic 
CMakeFiles/cmTC_41e51.dir/CheckSymbolExists.c.o: In function `main':
CheckSymbolExists.c:(.text+0x16): undefined reference to `pthread_create'
collect2: error: ld returned 1 exit status
CMakeFiles/cmTC_41e51.dir/build.make:97: recipe for target 'cmTC_41e51' failed
make[1]: *** [cmTC_41e51] Error 1
make[1]: Leaving directory '/home/alekal/catkin_ws/build/urdf_sim_tutorial/CMakeFiles/CMakeTmp'
Makefile:126: recipe for target 'cmTC_41e51/fast' failed
make: *** [cmTC_41e51/fast] Error 2

File /home/alekal/catkin_ws/build/urdf_sim_tutorial/CMakeFiles/CMakeTmp/CheckSymbolExists.c:
/* */
#include <pthread.h>

int main(int argc, char** argv)
{
  (void)argv;
#ifndef pthread_create
  return ((int*)(&pthread_create))[argc];
#else
  (void)argc;
  return 0;
#endif
}

Determining if the function pthread_create exists in the pthreads failed with the following output:
Change Dir: /home/alekal/catkin_ws/build/urdf_sim_tutorial/CMakeFiles/CMakeTmp

Run Build Command:"/usr/bin/make" "cmTC_37163/fast"
/usr/bin/make -f CMakeFiles/cmTC_37163.dir/build.make CMakeFiles/cmTC_37163.dir/build
make[1]: Entering directory '/home/alekal/catkin_ws/build/urdf_sim_tutorial/CMakeFiles/CMakeTmp'
Building C object CMakeFiles/cmTC_37163.dir/CheckFunctionExists.c.o
/usr/bin/cc    -DCHECK_FUNCTION_EXISTS=pthread_create   -o CMakeFiles/cmTC_37163.dir/CheckFunctionExists.c.o   -c /usr/share/cmake-3.5/Modules/CheckFunctionExists.c
Linking C executable cmTC_37163
/usr/bin/cmake -E cmake_link_script CMakeFiles/cmTC_37163.dir/link.txt --verbose=1
/usr/bin/cc   -DCHECK_FUNCTION_EXISTS=pthread_create    CMakeFiles/cmTC_37163.dir/CheckFunctionExists.c.o  -o cmTC_37163 -rdynamic -lpthreads 
/usr/bin/ld: cannot find -lpthreads
collect2: error: ld returned 1 exit status
CMakeFiles/cmTC_37163.dir/build.make:97: recipe for target 'cmTC_37163' failed
make[1]: *** [cmTC_37163] Error 1
make[1]: Leaving directory '/home/alekal/catkin_ws/build/urdf_sim_tutorial/CMakeFiles/CMakeTmp'
Makefile:126: recipe for target 'cmTC_37163/fast' failed
make: *** [cmTC_37163/fast] Error 2


