Determining if the pthread_create exist failed with the following output:
Change Dir: /home/alekal/catkin_ws/build/rrbot_control/CMakeFiles/CMakeTmp

Run Build Command:"/usr/bin/make" "cmTC_8bcad/fast"
/usr/bin/make -f CMakeFiles/cmTC_8bcad.dir/build.make CMakeFiles/cmTC_8bcad.dir/build
make[1]: Entering directory '/home/alekal/catkin_ws/build/rrbot_control/CMakeFiles/CMakeTmp'
Building C object CMakeFiles/cmTC_8bcad.dir/CheckSymbolExists.c.o
/usr/bin/cc     -o CMakeFiles/cmTC_8bcad.dir/CheckSymbolExists.c.o   -c /home/alekal/catkin_ws/build/rrbot_control/CMakeFiles/CMakeTmp/CheckSymbolExists.c
Linking C executable cmTC_8bcad
/usr/bin/cmake -E cmake_link_script CMakeFiles/cmTC_8bcad.dir/link.txt --verbose=1
/usr/bin/cc       CMakeFiles/cmTC_8bcad.dir/CheckSymbolExists.c.o  -o cmTC_8bcad -rdynamic 
CMakeFiles/cmTC_8bcad.dir/CheckSymbolExists.c.o: In function `main':
CheckSymbolExists.c:(.text+0x16): undefined reference to `pthread_create'
collect2: error: ld returned 1 exit status
CMakeFiles/cmTC_8bcad.dir/build.make:97: recipe for target 'cmTC_8bcad' failed
make[1]: *** [cmTC_8bcad] Error 1
make[1]: Leaving directory '/home/alekal/catkin_ws/build/rrbot_control/CMakeFiles/CMakeTmp'
Makefile:126: recipe for target 'cmTC_8bcad/fast' failed
make: *** [cmTC_8bcad/fast] Error 2

File /home/alekal/catkin_ws/build/rrbot_control/CMakeFiles/CMakeTmp/CheckSymbolExists.c:
/* */
#include <pthread.h>

int main(int argc, char** argv)
{
  (void)argv;
#ifndef pthread_create
  return ((int*)(&pthread_create))[argc];
#else
  (void)argc;
  return 0;
#endif
}

Determining if the function pthread_create exists in the pthreads failed with the following output:
Change Dir: /home/alekal/catkin_ws/build/rrbot_control/CMakeFiles/CMakeTmp

Run Build Command:"/usr/bin/make" "cmTC_7155a/fast"
/usr/bin/make -f CMakeFiles/cmTC_7155a.dir/build.make CMakeFiles/cmTC_7155a.dir/build
make[1]: Entering directory '/home/alekal/catkin_ws/build/rrbot_control/CMakeFiles/CMakeTmp'
Building C object CMakeFiles/cmTC_7155a.dir/CheckFunctionExists.c.o
/usr/bin/cc    -DCHECK_FUNCTION_EXISTS=pthread_create   -o CMakeFiles/cmTC_7155a.dir/CheckFunctionExists.c.o   -c /usr/share/cmake-3.5/Modules/CheckFunctionExists.c
Linking C executable cmTC_7155a
/usr/bin/cmake -E cmake_link_script CMakeFiles/cmTC_7155a.dir/link.txt --verbose=1
/usr/bin/cc   -DCHECK_FUNCTION_EXISTS=pthread_create    CMakeFiles/cmTC_7155a.dir/CheckFunctionExists.c.o  -o cmTC_7155a -rdynamic -lpthreads 
/usr/bin/ld: cannot find -lpthreads
collect2: error: ld returned 1 exit status
CMakeFiles/cmTC_7155a.dir/build.make:97: recipe for target 'cmTC_7155a' failed
make[1]: *** [cmTC_7155a] Error 1
make[1]: Leaving directory '/home/alekal/catkin_ws/build/rrbot_control/CMakeFiles/CMakeTmp'
Makefile:126: recipe for target 'cmTC_7155a/fast' failed
make: *** [cmTC_7155a/fast] Error 2


