Determining if the pthread_create exist failed with the following output:
Change Dir: /home/alekal/catkin_ws/build/CMakeFiles/CMakeTmp

Run Build Command:"/usr/bin/make" "cmTC_fff4d/fast"
/usr/bin/make -f CMakeFiles/cmTC_fff4d.dir/build.make CMakeFiles/cmTC_fff4d.dir/build
make[1]: Entering directory '/home/alekal/catkin_ws/build/CMakeFiles/CMakeTmp'
Building C object CMakeFiles/cmTC_fff4d.dir/CheckSymbolExists.c.o
/usr/bin/cc     -o CMakeFiles/cmTC_fff4d.dir/CheckSymbolExists.c.o   -c /home/alekal/catkin_ws/build/CMakeFiles/CMakeTmp/CheckSymbolExists.c
Linking C executable cmTC_fff4d
/usr/bin/cmake -E cmake_link_script CMakeFiles/cmTC_fff4d.dir/link.txt --verbose=1
/usr/bin/cc       CMakeFiles/cmTC_fff4d.dir/CheckSymbolExists.c.o  -o cmTC_fff4d -rdynamic 
CMakeFiles/cmTC_fff4d.dir/CheckSymbolExists.c.o: In function `main':
CheckSymbolExists.c:(.text+0x16): undefined reference to `pthread_create'
collect2: error: ld returned 1 exit status
CMakeFiles/cmTC_fff4d.dir/build.make:97: recipe for target 'cmTC_fff4d' failed
make[1]: *** [cmTC_fff4d] Error 1
make[1]: Leaving directory '/home/alekal/catkin_ws/build/CMakeFiles/CMakeTmp'
Makefile:126: recipe for target 'cmTC_fff4d/fast' failed
make: *** [cmTC_fff4d/fast] Error 2

File /home/alekal/catkin_ws/build/CMakeFiles/CMakeTmp/CheckSymbolExists.c:
/* */
#include <pthread.h>

int main(int argc, char** argv)
{
  (void)argv;
#ifndef pthread_create
  return ((int*)(&pthread_create))[argc];
#else
  (void)argc;
  return 0;
#endif
}

Determining if the function pthread_create exists in the pthreads failed with the following output:
Change Dir: /home/alekal/catkin_ws/build/CMakeFiles/CMakeTmp

Run Build Command:"/usr/bin/make" "cmTC_c6883/fast"
/usr/bin/make -f CMakeFiles/cmTC_c6883.dir/build.make CMakeFiles/cmTC_c6883.dir/build
make[1]: Entering directory '/home/alekal/catkin_ws/build/CMakeFiles/CMakeTmp'
Building C object CMakeFiles/cmTC_c6883.dir/CheckFunctionExists.c.o
/usr/bin/cc    -DCHECK_FUNCTION_EXISTS=pthread_create   -o CMakeFiles/cmTC_c6883.dir/CheckFunctionExists.c.o   -c /usr/share/cmake-3.5/Modules/CheckFunctionExists.c
Linking C executable cmTC_c6883
/usr/bin/cmake -E cmake_link_script CMakeFiles/cmTC_c6883.dir/link.txt --verbose=1
/usr/bin/cc   -DCHECK_FUNCTION_EXISTS=pthread_create    CMakeFiles/cmTC_c6883.dir/CheckFunctionExists.c.o  -o cmTC_c6883 -rdynamic -lpthreads 
/usr/bin/ld: cannot find -lpthreads
collect2: error: ld returned 1 exit status
CMakeFiles/cmTC_c6883.dir/build.make:97: recipe for target 'cmTC_c6883' failed
make[1]: *** [cmTC_c6883] Error 1
make[1]: Leaving directory '/home/alekal/catkin_ws/build/CMakeFiles/CMakeTmp'
Makefile:126: recipe for target 'cmTC_c6883/fast' failed
make: *** [cmTC_c6883/fast] Error 2


